[EFX-0006 VERI-ERROR] (C:/Efinity/2018.4/project/counter/counter.v 78) syntax error near ';' (VERI-1137)
[EFX-0006 VERI-ERROR] (C:/Efinity/2018.4/project/counter/counter.v 100) syntax error near '+' (VERI-1137)
[EFX-0006 VERI-ERROR] (C:/Efinity/2018.4/project/counter/counter.v 43) 'counter_msb' is not a constant (VERI-1188)
[EFX-0006 VERI-ERROR] (C:/Efinity/2018.4/project/counter/counter.v 43) range must be bounded by constant expressions (VERI-1952)
[EFX-0006 VERI-ERROR] (C:/Efinity/2018.4/project/counter/counter.v 106) module 'counter' ignored due to previous errors (VERI-1072)
[EFX-0006 VERI-ERROR] (C:/Efinity/2018.4/project/counter/counter.v 100) syntax error near '+' (VERI-1137)
[EFX-0006 VERI-ERROR] (C:/Efinity/2018.4/project/counter/counter.v 43) 'counter_msb' is not a constant (VERI-1188)
[EFX-0006 VERI-ERROR] (C:/Efinity/2018.4/project/counter/counter.v 43) range must be bounded by constant expressions (VERI-1952)
[EFX-0006 VERI-ERROR] (C:/Efinity/2018.4/project/counter/counter.v 106) module 'counter' ignored due to previous errors (VERI-1072)
[EFX-0006 VERI-ERROR] (C:/Efinity/2018.4/project/counter/counter.v 101) syntax error near '+' (VERI-1137)
[EFX-0006 VERI-ERROR] (C:/Efinity/2018.4/project/counter/counter.v 55) procedural assignment to a non-register 'LED' is not permitted (VERI-1100)
[EFX-0006 VERI-ERROR] (C:/Efinity/2018.4/project/counter/counter.v 55) 'counter_msb' is not a constant (VERI-1188)
[EFX-0006 VERI-ERROR] (C:/Efinity/2018.4/project/counter/counter.v 55) range must be bounded by constant expressions (VERI-1952)
[EFX-0006 VERI-ERROR] (C:/Efinity/2018.4/project/counter/counter.v 107) module 'counter' ignored due to previous errors (VERI-1072)
[EFX-0006 VERI-ERROR] (C:/Efinity/2018.4/project/counter/counter.v 52) syntax error near ';' (VERI-1137)
[EFX-0006 VERI-ERROR] (C:/Efinity/2018.4/project/counter/counter.v 55) procedural assignment to a non-register 'LED' is not permitted (VERI-1100)
[EFX-0006 VERI-ERROR] (C:/Efinity/2018.4/project/counter/counter.v 55) 'counter_msb' is not a constant (VERI-1188)
[EFX-0006 VERI-ERROR] (C:/Efinity/2018.4/project/counter/counter.v 55) range must be bounded by constant expressions (VERI-1952)
[EFX-0006 VERI-ERROR] (C:/Efinity/2018.4/project/counter/counter.v 107) module 'counter' ignored due to previous errors (VERI-1072)
[EFX-0006 VERI-ERROR] (C:/Efinity/2018.4/project/counter/counter.v 52) 'shift_counter' is not declared (VERI-1128)
[EFX-0006 VERI-ERROR] (C:/Efinity/2018.4/project/counter/counter.v 79) 'shift_counter' is not declared (VERI-1128)
[EFX-0006 VERI-ERROR] (C:/Efinity/2018.4/project/counter/counter.v 101) 'shift_counter' is not declared (VERI-1128)
[EFX-0006 VERI-ERROR] (C:/Efinity/2018.4/project/counter/counter.v 108) module 'counter' ignored due to previous errors (VERI-1072)
[EFX-0006 VERI-ERROR] (C:/Efinity/2018.4/project/counter/counter.v 52) 'shift_counter' is not declared (VERI-1128)
[EFX-0006 VERI-ERROR] (C:/Efinity/2018.4/project/counter/counter.v 79) 'shift_counter' is not declared (VERI-1128)
[EFX-0006 VERI-ERROR] (C:/Efinity/2018.4/project/counter/counter.v 101) 'shift_counter' is not declared (VERI-1128)
[EFX-0006 VERI-ERROR] (C:/Efinity/2018.4/project/counter/counter.v 108) module 'counter' ignored due to previous errors (VERI-1072)
[EFX-0006 VERI-ERROR] (C:/Efinity/2018.4/project/counter/counter.v 114) syntax error near 'endmodule' (VERI-1137)
[EFX-0006 VERI-ERROR] (C:/Efinity/2018.4/project/counter/counter.v 114) Verilog 2000 keyword endmodule used in incorrect context (VERI-2344)
[EFX-0006 VERI-ERROR] (C:/Efinity/2018.4/project/counter/counter.v 96) syntax error near '<=' (VERI-1137)
[EFX-0006 VERI-ERROR] (C:/Efinity/2018.4/project/counter/counter.v 100) syntax error near '<=' (VERI-1137)
[EFX-0006 VERI-ERROR] (C:/Efinity/2018.4/project/counter/counter.v 108) syntax error near '<=' (VERI-1137)
[EFX-0006 VERI-ERROR] (C:/Efinity/2018.4/project/counter/counter.v 109) syntax error near '<=' (VERI-1137)
[EFX-0006 VERI-ERROR] (C:/Efinity/2018.4/project/counter/counter.v 112) syntax error near '<=' (VERI-1137)
[EFX-0006 VERI-ERROR] (C:/Efinity/2018.4/project/counter/counter.v 92) 'BTN' is not a constant (VERI-1188)
[EFX-0006 VERI-ERROR] (C:/Efinity/2018.4/project/counter/counter.v 94) 'btn1_debounce' is not a constant (VERI-1188)
[EFX-0006 VERI-ERROR] (C:/Efinity/2018.4/project/counter/counter.v 105) 'btn1_debounce' is not a constant (VERI-1188)
[EFX-0006 VERI-ERROR] (C:/Efinity/2018.4/project/counter/counter.v 116) module 'counter' ignored due to previous errors (VERI-1072)
[EFX-0006 VERI-ERROR] (C:/Efinity/2018.4/project/counter/counter.v 96) syntax error near '<=' (VERI-1137)
[EFX-0006 VERI-ERROR] (C:/Efinity/2018.4/project/counter/counter.v 100) syntax error near '<=' (VERI-1137)
[EFX-0006 VERI-ERROR] (C:/Efinity/2018.4/project/counter/counter.v 108) syntax error near '<=' (VERI-1137)
[EFX-0006 VERI-ERROR] (C:/Efinity/2018.4/project/counter/counter.v 109) syntax error near '<=' (VERI-1137)
[EFX-0006 VERI-ERROR] (C:/Efinity/2018.4/project/counter/counter.v 112) syntax error near '<=' (VERI-1137)
[EFX-0006 VERI-ERROR] (C:/Efinity/2018.4/project/counter/counter.v 92) 'BTN' is not a constant (VERI-1188)
[EFX-0006 VERI-ERROR] (C:/Efinity/2018.4/project/counter/counter.v 94) 'btn1_debounce' is not a constant (VERI-1188)
[EFX-0006 VERI-ERROR] (C:/Efinity/2018.4/project/counter/counter.v 105) 'btn1_debounce' is not a constant (VERI-1188)
[EFX-0006 VERI-ERROR] (C:/Efinity/2018.4/project/counter/counter.v 116) module 'counter' ignored due to previous errors (VERI-1072)
[EFX-0006 VERI-ERROR] (C:/Efinity/2018.4/project/counter/counter.v 58) procedural assignment to a non-register 'LED' is not permitted (VERI-1100)
[EFX-0006 VERI-ERROR] (C:/Efinity/2018.4/project/counter/counter.v 109) module 'counter' ignored due to previous errors (VERI-1072)
